{"/Users/pptdexiaodiannao/projects/basketball/miniprogram/__test__/mock-db.js": {"path":"/Users/pptdexiaodiannao/projects/basketball/miniprogram/__test__/mock-db.js","statementMap":{"0":{"start":{"line":1,"column":26},"end":{"line":1,"column":28}},"1":{"start":{"line":2,"column":26},"end":{"line":2,"column":28}},"2":{"start":{"line":3,"column":32},"end":{"line":3,"column":34}},"3":{"start":{"line":4,"column":28},"end":{"line":4,"column":30}},"4":{"start":{"line":8,"column":2},"end":{"line":19,"column":5}},"5":{"start":{"line":9,"column":17},"end":{"line":9,"column":25}},"6":{"start":{"line":10,"column":17},"end":{"line":10,"column":25}},"7":{"start":{"line":13,"column":18},"end":{"line":13,"column":62}},"8":{"start":{"line":14,"column":18},"end":{"line":14,"column":62}},"9":{"start":{"line":16,"column":4},"end":{"line":16,"column":56}},"10":{"start":{"line":16,"column":23},"end":{"line":16,"column":56}},"11":{"start":{"line":17,"column":4},"end":{"line":17,"column":56}},"12":{"start":{"line":17,"column":23},"end":{"line":17,"column":56}},"13":{"start":{"line":18,"column":4},"end":{"line":18,"column":13}},"14":{"start":{"line":22,"column":15},"end":{"line":278,"column":1}},"15":{"start":{"line":24,"column":4},"end":{"line":85,"column":5}},"16":{"start":{"line":25,"column":6},"end":{"line":84,"column":8}},"17":{"start":{"line":27,"column":25},"end":{"line":31,"column":11}},"18":{"start":{"line":32,"column":10},"end":{"line":32,"column":43}},"19":{"start":{"line":33,"column":10},"end":{"line":33,"column":54}},"20":{"start":{"line":36,"column":10},"end":{"line":65,"column":12}},"21":{"start":{"line":38,"column":14},"end":{"line":52,"column":16}},"22":{"start":{"line":40,"column":33},"end":{"line":48,"column":20}},"23":{"start":{"line":42,"column":20},"end":{"line":46,"column":21}},"24":{"start":{"line":43,"column":22},"end":{"line":45,"column":23}},"25":{"start":{"line":44,"column":24},"end":{"line":44,"column":37}},"26":{"start":{"line":47,"column":20},"end":{"line":47,"column":32}},"27":{"start":{"line":49,"column":33},"end":{"line":49,"column":74}},"28":{"start":{"line":50,"column":18},"end":{"line":50,"column":59}},"29":{"start":{"line":55,"column":29},"end":{"line":62,"column":16}},"30":{"start":{"line":56,"column":16},"end":{"line":60,"column":17}},"31":{"start":{"line":57,"column":18},"end":{"line":59,"column":19}},"32":{"start":{"line":58,"column":20},"end":{"line":58,"column":33}},"33":{"start":{"line":61,"column":16},"end":{"line":61,"column":28}},"34":{"start":{"line":63,"column":14},"end":{"line":63,"column":55}},"35":{"start":{"line":68,"column":10},"end":{"line":82,"column":12}},"36":{"start":{"line":70,"column":28},"end":{"line":70,"column":82}},"37":{"start":{"line":70,"column":66},"end":{"line":70,"column":81}},"38":{"start":{"line":71,"column":14},"end":{"line":74,"column":15}},"39":{"start":{"line":72,"column":16},"end":{"line":72,"column":88}},"40":{"start":{"line":73,"column":16},"end":{"line":73,"column":66}},"41":{"start":{"line":75,"column":14},"end":{"line":75,"column":64}},"42":{"start":{"line":78,"column":36},"end":{"line":78,"column":62}},"43":{"start":{"line":79,"column":14},"end":{"line":79,"column":88}},"44":{"start":{"line":79,"column":71},"end":{"line":79,"column":86}},"45":{"start":{"line":80,"column":14},"end":{"line":80,"column":115}},"46":{"start":{"line":86,"column":4},"end":{"line":200,"column":5}},"47":{"start":{"line":87,"column":6},"end":{"line":199,"column":8}},"48":{"start":{"line":89,"column":25},"end":{"line":93,"column":11}},"49":{"start":{"line":94,"column":10},"end":{"line":94,"column":43}},"50":{"start":{"line":95,"column":10},"end":{"line":95,"column":54}},"51":{"start":{"line":98,"column":10},"end":{"line":181,"column":12}},"52":{"start":{"line":100,"column":14},"end":{"line":148,"column":16}},"53":{"start":{"line":102,"column":31},"end":{"line":144,"column":20}},"54":{"start":{"line":104,"column":20},"end":{"line":116,"column":21}},"55":{"start":{"line":105,"column":22},"end":{"line":115,"column":25}},"56":{"start":{"line":107,"column":24},"end":{"line":109,"column":25}},"57":{"start":{"line":108,"column":26},"end":{"line":108,"column":72}},"58":{"start":{"line":111,"column":24},"end":{"line":113,"column":25}},"59":{"start":{"line":112,"column":26},"end":{"line":112,"column":114}},"60":{"start":{"line":112,"column":72},"end":{"line":112,"column":112}},"61":{"start":{"line":114,"column":24},"end":{"line":114,"column":37}},"62":{"start":{"line":118,"column":20},"end":{"line":122,"column":21}},"63":{"start":{"line":119,"column":22},"end":{"line":121,"column":23}},"64":{"start":{"line":120,"column":24},"end":{"line":120,"column":37}},"65":{"start":{"line":123,"column":20},"end":{"line":127,"column":21}},"66":{"start":{"line":124,"column":22},"end":{"line":126,"column":23}},"67":{"start":{"line":124,"column":67},"end":{"line":124,"column":103}},"68":{"start":{"line":125,"column":24},"end":{"line":125,"column":37}},"69":{"start":{"line":128,"column":20},"end":{"line":132,"column":21}},"70":{"start":{"line":129,"column":22},"end":{"line":131,"column":23}},"71":{"start":{"line":130,"column":24},"end":{"line":130,"column":37}},"72":{"start":{"line":133,"column":20},"end":{"line":137,"column":21}},"73":{"start":{"line":134,"column":22},"end":{"line":136,"column":23}},"74":{"start":{"line":135,"column":24},"end":{"line":135,"column":37}},"75":{"start":{"line":138,"column":20},"end":{"line":142,"column":21}},"76":{"start":{"line":139,"column":22},"end":{"line":141,"column":23}},"77":{"start":{"line":140,"column":24},"end":{"line":140,"column":37}},"78":{"start":{"line":143,"column":20},"end":{"line":143,"column":32}},"79":{"start":{"line":145,"column":33},"end":{"line":145,"column":74}},"80":{"start":{"line":146,"column":18},"end":{"line":146,"column":59}},"81":{"start":{"line":151,"column":27},"end":{"line":178,"column":16}},"82":{"start":{"line":152,"column":16},"end":{"line":156,"column":17}},"83":{"start":{"line":153,"column":18},"end":{"line":155,"column":19}},"84":{"start":{"line":154,"column":20},"end":{"line":154,"column":33}},"85":{"start":{"line":157,"column":16},"end":{"line":161,"column":17}},"86":{"start":{"line":158,"column":18},"end":{"line":160,"column":19}},"87":{"start":{"line":158,"column":63},"end":{"line":158,"column":99}},"88":{"start":{"line":159,"column":20},"end":{"line":159,"column":33}},"89":{"start":{"line":162,"column":16},"end":{"line":166,"column":17}},"90":{"start":{"line":163,"column":18},"end":{"line":165,"column":19}},"91":{"start":{"line":164,"column":20},"end":{"line":164,"column":33}},"92":{"start":{"line":167,"column":16},"end":{"line":171,"column":17}},"93":{"start":{"line":168,"column":18},"end":{"line":170,"column":19}},"94":{"start":{"line":169,"column":20},"end":{"line":169,"column":33}},"95":{"start":{"line":172,"column":16},"end":{"line":176,"column":17}},"96":{"start":{"line":173,"column":18},"end":{"line":175,"column":19}},"97":{"start":{"line":174,"column":20},"end":{"line":174,"column":33}},"98":{"start":{"line":177,"column":16},"end":{"line":177,"column":28}},"99":{"start":{"line":179,"column":14},"end":{"line":179,"column":55}},"100":{"start":{"line":184,"column":24},"end":{"line":184,"column":78}},"101":{"start":{"line":184,"column":62},"end":{"line":184,"column":77}},"102":{"start":{"line":185,"column":23},"end":{"line":185,"column":69}},"103":{"start":{"line":186,"column":10},"end":{"line":197,"column":12}},"104":{"start":{"line":188,"column":14},"end":{"line":188,"column":67}},"105":{"start":{"line":191,"column":14},"end":{"line":194,"column":15}},"106":{"start":{"line":192,"column":16},"end":{"line":192,"column":88}},"107":{"start":{"line":193,"column":16},"end":{"line":193,"column":66}},"108":{"start":{"line":195,"column":14},"end":{"line":195,"column":64}},"109":{"start":{"line":201,"column":4},"end":{"line":243,"column":5}},"110":{"start":{"line":202,"column":6},"end":{"line":242,"column":8}},"111":{"start":{"line":204,"column":25},"end":{"line":208,"column":11}},"112":{"start":{"line":209,"column":10},"end":{"line":209,"column":49}},"113":{"start":{"line":210,"column":10},"end":{"line":210,"column":54}},"114":{"start":{"line":213,"column":10},"end":{"line":223,"column":12}},"115":{"start":{"line":215,"column":29},"end":{"line":220,"column":16}},"116":{"start":{"line":216,"column":16},"end":{"line":218,"column":17}},"117":{"start":{"line":217,"column":18},"end":{"line":217,"column":31}},"118":{"start":{"line":219,"column":16},"end":{"line":219,"column":28}},"119":{"start":{"line":221,"column":14},"end":{"line":221,"column":55}},"120":{"start":{"line":226,"column":10},"end":{"line":240,"column":12}},"121":{"start":{"line":228,"column":28},"end":{"line":228,"column":82}},"122":{"start":{"line":228,"column":69},"end":{"line":228,"column":81}},"123":{"start":{"line":229,"column":14},"end":{"line":232,"column":15}},"124":{"start":{"line":230,"column":16},"end":{"line":230,"column":100}},"125":{"start":{"line":231,"column":16},"end":{"line":231,"column":66}},"126":{"start":{"line":233,"column":14},"end":{"line":233,"column":64}},"127":{"start":{"line":236,"column":36},"end":{"line":236,"column":68}},"128":{"start":{"line":237,"column":14},"end":{"line":237,"column":94}},"129":{"start":{"line":237,"column":80},"end":{"line":237,"column":92}},"130":{"start":{"line":238,"column":14},"end":{"line":238,"column":121}},"131":{"start":{"line":244,"column":4},"end":{"line":271,"column":5}},"132":{"start":{"line":245,"column":6},"end":{"line":270,"column":8}},"133":{"start":{"line":247,"column":25},"end":{"line":251,"column":11}},"134":{"start":{"line":252,"column":10},"end":{"line":252,"column":45}},"135":{"start":{"line":253,"column":10},"end":{"line":253,"column":54}},"136":{"start":{"line":256,"column":10},"end":{"line":268,"column":12}},"137":{"start":{"line":258,"column":29},"end":{"line":265,"column":16}},"138":{"start":{"line":259,"column":16},"end":{"line":263,"column":17}},"139":{"start":{"line":260,"column":18},"end":{"line":262,"column":19}},"140":{"start":{"line":261,"column":20},"end":{"line":261,"column":33}},"141":{"start":{"line":264,"column":16},"end":{"line":264,"column":28}},"142":{"start":{"line":266,"column":14},"end":{"line":266,"column":55}},"143":{"start":{"line":273,"column":4},"end":{"line":276,"column":6}},"144":{"start":{"line":275,"column":28},"end":{"line":275,"column":81}},"145":{"start":{"line":275,"column":49},"end":{"line":275,"column":78}},"146":{"start":{"line":281,"column":0},"end":{"line":284,"column":2}},"147":{"start":{"line":282,"column":31},"end":{"line":282,"column":50}},"148":{"start":{"line":283,"column":27},"end":{"line":283,"column":42}},"149":{"start":{"line":287,"column":0},"end":{"line":292,"column":2}},"150":{"start":{"line":288,"column":2},"end":{"line":288,"column":33}},"151":{"start":{"line":289,"column":2},"end":{"line":289,"column":33}},"152":{"start":{"line":290,"column":2},"end":{"line":290,"column":39}},"153":{"start":{"line":291,"column":2},"end":{"line":291,"column":35}},"154":{"start":{"line":294,"column":0},"end":{"line":294,"column":24}}},"fnMap":{"0":{"name":"sortCollection","decl":{"start":{"line":7,"column":9},"end":{"line":7,"column":23}},"loc":{"start":{"line":7,"column":50},"end":{"line":20,"column":1}},"line":7},"1":{"name":"(anonymous_1)","decl":{"start":{"line":8,"column":25},"end":{"line":8,"column":26}},"loc":{"start":{"line":8,"column":35},"end":{"line":19,"column":3}},"line":8},"2":{"name":"(anonymous_2)","decl":{"start":{"line":23,"column":22},"end":{"line":23,"column":23}},"loc":{"start":{"line":23,"column":32},"end":{"line":277,"column":3}},"line":23},"3":{"name":"(anonymous_3)","decl":{"start":{"line":26,"column":21},"end":{"line":26,"column":22}},"loc":{"start":{"line":26,"column":31},"end":{"line":34,"column":9}},"line":26},"4":{"name":"(anonymous_4)","decl":{"start":{"line":35,"column":23},"end":{"line":35,"column":24}},"loc":{"start":{"line":35,"column":34},"end":{"line":66,"column":9}},"line":35},"5":{"name":"(anonymous_5)","decl":{"start":{"line":37,"column":29},"end":{"line":37,"column":30}},"loc":{"start":{"line":37,"column":47},"end":{"line":53,"column":13}},"line":37},"6":{"name":"(anonymous_6)","decl":{"start":{"line":39,"column":29},"end":{"line":39,"column":30}},"loc":{"start":{"line":39,"column":35},"end":{"line":51,"column":17}},"line":39},"7":{"name":"(anonymous_7)","decl":{"start":{"line":40,"column":60},"end":{"line":40,"column":61}},"loc":{"start":{"line":40,"column":68},"end":{"line":48,"column":19}},"line":40},"8":{"name":"(anonymous_8)","decl":{"start":{"line":54,"column":25},"end":{"line":54,"column":26}},"loc":{"start":{"line":54,"column":31},"end":{"line":64,"column":13}},"line":54},"9":{"name":"(anonymous_9)","decl":{"start":{"line":55,"column":56},"end":{"line":55,"column":57}},"loc":{"start":{"line":55,"column":64},"end":{"line":62,"column":15}},"line":55},"10":{"name":"(anonymous_10)","decl":{"start":{"line":67,"column":21},"end":{"line":67,"column":22}},"loc":{"start":{"line":67,"column":29},"end":{"line":83,"column":9}},"line":67},"11":{"name":"(anonymous_11)","decl":{"start":{"line":69,"column":28},"end":{"line":69,"column":29}},"loc":{"start":{"line":69,"column":42},"end":{"line":76,"column":13}},"line":69},"12":{"name":"(anonymous_12)","decl":{"start":{"line":70,"column":58},"end":{"line":70,"column":59}},"loc":{"start":{"line":70,"column":66},"end":{"line":70,"column":81}},"line":70},"13":{"name":"(anonymous_13)","decl":{"start":{"line":77,"column":28},"end":{"line":77,"column":29}},"loc":{"start":{"line":77,"column":34},"end":{"line":81,"column":13}},"line":77},"14":{"name":"(anonymous_14)","decl":{"start":{"line":79,"column":63},"end":{"line":79,"column":64}},"loc":{"start":{"line":79,"column":71},"end":{"line":79,"column":86}},"line":79},"15":{"name":"(anonymous_15)","decl":{"start":{"line":88,"column":21},"end":{"line":88,"column":22}},"loc":{"start":{"line":88,"column":31},"end":{"line":96,"column":9}},"line":88},"16":{"name":"(anonymous_16)","decl":{"start":{"line":97,"column":23},"end":{"line":97,"column":24}},"loc":{"start":{"line":97,"column":34},"end":{"line":182,"column":9}},"line":97},"17":{"name":"(anonymous_17)","decl":{"start":{"line":99,"column":29},"end":{"line":99,"column":30}},"loc":{"start":{"line":99,"column":47},"end":{"line":149,"column":13}},"line":99},"18":{"name":"(anonymous_18)","decl":{"start":{"line":101,"column":29},"end":{"line":101,"column":30}},"loc":{"start":{"line":101,"column":35},"end":{"line":147,"column":17}},"line":101},"19":{"name":"(anonymous_19)","decl":{"start":{"line":102,"column":58},"end":{"line":102,"column":59}},"loc":{"start":{"line":102,"column":66},"end":{"line":144,"column":19}},"line":102},"20":{"name":"(anonymous_20)","decl":{"start":{"line":105,"column":44},"end":{"line":105,"column":45}},"loc":{"start":{"line":105,"column":57},"end":{"line":115,"column":23}},"line":105},"21":{"name":"(anonymous_21)","decl":{"start":{"line":112,"column":67},"end":{"line":112,"column":68}},"loc":{"start":{"line":112,"column":72},"end":{"line":112,"column":112}},"line":112},"22":{"name":"(anonymous_22)","decl":{"start":{"line":124,"column":62},"end":{"line":124,"column":63}},"loc":{"start":{"line":124,"column":67},"end":{"line":124,"column":103}},"line":124},"23":{"name":"(anonymous_23)","decl":{"start":{"line":150,"column":25},"end":{"line":150,"column":26}},"loc":{"start":{"line":150,"column":31},"end":{"line":180,"column":13}},"line":150},"24":{"name":"(anonymous_24)","decl":{"start":{"line":151,"column":54},"end":{"line":151,"column":55}},"loc":{"start":{"line":151,"column":62},"end":{"line":178,"column":15}},"line":151},"25":{"name":"(anonymous_25)","decl":{"start":{"line":158,"column":58},"end":{"line":158,"column":59}},"loc":{"start":{"line":158,"column":63},"end":{"line":158,"column":99}},"line":158},"26":{"name":"(anonymous_26)","decl":{"start":{"line":183,"column":21},"end":{"line":183,"column":22}},"loc":{"start":{"line":183,"column":29},"end":{"line":198,"column":9}},"line":183},"27":{"name":"(anonymous_27)","decl":{"start":{"line":184,"column":54},"end":{"line":184,"column":55}},"loc":{"start":{"line":184,"column":62},"end":{"line":184,"column":77}},"line":184},"28":{"name":"(anonymous_28)","decl":{"start":{"line":187,"column":25},"end":{"line":187,"column":26}},"loc":{"start":{"line":187,"column":31},"end":{"line":189,"column":13}},"line":187},"29":{"name":"(anonymous_29)","decl":{"start":{"line":190,"column":28},"end":{"line":190,"column":29}},"loc":{"start":{"line":190,"column":42},"end":{"line":196,"column":13}},"line":190},"30":{"name":"(anonymous_30)","decl":{"start":{"line":203,"column":21},"end":{"line":203,"column":22}},"loc":{"start":{"line":203,"column":31},"end":{"line":211,"column":9}},"line":203},"31":{"name":"(anonymous_31)","decl":{"start":{"line":212,"column":23},"end":{"line":212,"column":24}},"loc":{"start":{"line":212,"column":34},"end":{"line":224,"column":9}},"line":212},"32":{"name":"(anonymous_32)","decl":{"start":{"line":214,"column":25},"end":{"line":214,"column":26}},"loc":{"start":{"line":214,"column":31},"end":{"line":222,"column":13}},"line":214},"33":{"name":"(anonymous_33)","decl":{"start":{"line":215,"column":62},"end":{"line":215,"column":63}},"loc":{"start":{"line":215,"column":72},"end":{"line":220,"column":15}},"line":215},"34":{"name":"(anonymous_34)","decl":{"start":{"line":225,"column":21},"end":{"line":225,"column":22}},"loc":{"start":{"line":225,"column":29},"end":{"line":241,"column":9}},"line":225},"35":{"name":"(anonymous_35)","decl":{"start":{"line":227,"column":28},"end":{"line":227,"column":29}},"loc":{"start":{"line":227,"column":42},"end":{"line":234,"column":13}},"line":227},"36":{"name":"(anonymous_36)","decl":{"start":{"line":228,"column":64},"end":{"line":228,"column":65}},"loc":{"start":{"line":228,"column":69},"end":{"line":228,"column":81}},"line":228},"37":{"name":"(anonymous_37)","decl":{"start":{"line":235,"column":28},"end":{"line":235,"column":29}},"loc":{"start":{"line":235,"column":34},"end":{"line":239,"column":13}},"line":235},"38":{"name":"(anonymous_38)","decl":{"start":{"line":237,"column":75},"end":{"line":237,"column":76}},"loc":{"start":{"line":237,"column":80},"end":{"line":237,"column":92}},"line":237},"39":{"name":"(anonymous_39)","decl":{"start":{"line":246,"column":21},"end":{"line":246,"column":22}},"loc":{"start":{"line":246,"column":31},"end":{"line":254,"column":9}},"line":246},"40":{"name":"(anonymous_40)","decl":{"start":{"line":255,"column":23},"end":{"line":255,"column":24}},"loc":{"start":{"line":255,"column":34},"end":{"line":269,"column":9}},"line":255},"41":{"name":"(anonymous_41)","decl":{"start":{"line":257,"column":25},"end":{"line":257,"column":26}},"loc":{"start":{"line":257,"column":31},"end":{"line":267,"column":13}},"line":257},"42":{"name":"(anonymous_42)","decl":{"start":{"line":258,"column":58},"end":{"line":258,"column":59}},"loc":{"start":{"line":258,"column":67},"end":{"line":265,"column":15}},"line":258},"43":{"name":"(anonymous_43)","decl":{"start":{"line":275,"column":21},"end":{"line":275,"column":22}},"loc":{"start":{"line":275,"column":28},"end":{"line":275,"column":81}},"line":275},"44":{"name":"(anonymous_44)","decl":{"start":{"line":275,"column":43},"end":{"line":275,"column":44}},"loc":{"start":{"line":275,"column":49},"end":{"line":275,"column":78}},"line":275},"45":{"name":"(anonymous_45)","decl":{"start":{"line":282,"column":14},"end":{"line":282,"column":15}},"loc":{"start":{"line":282,"column":31},"end":{"line":282,"column":50}},"line":282},"46":{"name":"(anonymous_46)","decl":{"start":{"line":283,"column":14},"end":{"line":283,"column":15}},"loc":{"start":{"line":283,"column":27},"end":{"line":283,"column":42}},"line":283},"47":{"name":"(anonymous_47)","decl":{"start":{"line":287,"column":15},"end":{"line":287,"column":16}},"loc":{"start":{"line":287,"column":21},"end":{"line":292,"column":1}},"line":287}},"branchMap":{"0":{"loc":{"start":{"line":13,"column":18},"end":{"line":13,"column":62}},"type":"cond-expr","locations":[{"start":{"line":13,"column":41},"end":{"line":13,"column":55}},{"start":{"line":13,"column":58},"end":{"line":13,"column":62}}],"line":13},"1":{"loc":{"start":{"line":14,"column":18},"end":{"line":14,"column":62}},"type":"cond-expr","locations":[{"start":{"line":14,"column":41},"end":{"line":14,"column":55}},{"start":{"line":14,"column":58},"end":{"line":14,"column":62}}],"line":14},"2":{"loc":{"start":{"line":16,"column":4},"end":{"line":16,"column":56}},"type":"if","locations":[{"start":{"line":16,"column":4},"end":{"line":16,"column":56}},{"start":{},"end":{}}],"line":16},"3":{"loc":{"start":{"line":16,"column":30},"end":{"line":16,"column":55}},"type":"cond-expr","locations":[{"start":{"line":16,"column":49},"end":{"line":16,"column":50}},{"start":{"line":16,"column":53},"end":{"line":16,"column":55}}],"line":16},"4":{"loc":{"start":{"line":17,"column":4},"end":{"line":17,"column":56}},"type":"if","locations":[{"start":{"line":17,"column":4},"end":{"line":17,"column":56}},{"start":{},"end":{}}],"line":17},"5":{"loc":{"start":{"line":17,"column":30},"end":{"line":17,"column":55}},"type":"cond-expr","locations":[{"start":{"line":17,"column":49},"end":{"line":17,"column":51}},{"start":{"line":17,"column":54},"end":{"line":17,"column":55}}],"line":17},"6":{"loc":{"start":{"line":24,"column":4},"end":{"line":85,"column":5}},"type":"if","locations":[{"start":{"line":24,"column":4},"end":{"line":85,"column":5}},{"start":{},"end":{}}],"line":24},"7":{"loc":{"start":{"line":30,"column":23},"end":{"line":30,"column":51}},"type":"binary-expr","locations":[{"start":{"line":30,"column":23},"end":{"line":30,"column":37}},{"start":{"line":30,"column":41},"end":{"line":30,"column":51}}],"line":30},"8":{"loc":{"start":{"line":43,"column":22},"end":{"line":45,"column":23}},"type":"if","locations":[{"start":{"line":43,"column":22},"end":{"line":45,"column":23}},{"start":{},"end":{}}],"line":43},"9":{"loc":{"start":{"line":57,"column":18},"end":{"line":59,"column":19}},"type":"if","locations":[{"start":{"line":57,"column":18},"end":{"line":59,"column":19}},{"start":{},"end":{}}],"line":57},"10":{"loc":{"start":{"line":71,"column":14},"end":{"line":74,"column":15}},"type":"if","locations":[{"start":{"line":71,"column":14},"end":{"line":74,"column":15}},{"start":{},"end":{}}],"line":71},"11":{"loc":{"start":{"line":80,"column":57},"end":{"line":80,"column":109}},"type":"cond-expr","locations":[{"start":{"line":80,"column":104},"end":{"line":80,"column":105}},{"start":{"line":80,"column":108},"end":{"line":80,"column":109}}],"line":80},"12":{"loc":{"start":{"line":86,"column":4},"end":{"line":200,"column":5}},"type":"if","locations":[{"start":{"line":86,"column":4},"end":{"line":200,"column":5}},{"start":{},"end":{}}],"line":86},"13":{"loc":{"start":{"line":92,"column":23},"end":{"line":92,"column":51}},"type":"binary-expr","locations":[{"start":{"line":92,"column":23},"end":{"line":92,"column":37}},{"start":{"line":92,"column":41},"end":{"line":92,"column":51}}],"line":92},"14":{"loc":{"start":{"line":104,"column":20},"end":{"line":116,"column":21}},"type":"if","locations":[{"start":{"line":104,"column":20},"end":{"line":116,"column":21}},{"start":{},"end":{}}],"line":104},"15":{"loc":{"start":{"line":107,"column":24},"end":{"line":109,"column":25}},"type":"if","locations":[{"start":{"line":107,"column":24},"end":{"line":109,"column":25}},{"start":{},"end":{}}],"line":107},"16":{"loc":{"start":{"line":111,"column":24},"end":{"line":113,"column":25}},"type":"if","locations":[{"start":{"line":111,"column":24},"end":{"line":113,"column":25}},{"start":{},"end":{}}],"line":111},"17":{"loc":{"start":{"line":112,"column":33},"end":{"line":112,"column":113}},"type":"binary-expr","locations":[{"start":{"line":112,"column":33},"end":{"line":112,"column":45}},{"start":{"line":112,"column":49},"end":{"line":112,"column":113}}],"line":112},"18":{"loc":{"start":{"line":118,"column":20},"end":{"line":122,"column":21}},"type":"if","locations":[{"start":{"line":118,"column":20},"end":{"line":122,"column":21}},{"start":{},"end":{}}],"line":118},"19":{"loc":{"start":{"line":119,"column":22},"end":{"line":121,"column":23}},"type":"if","locations":[{"start":{"line":119,"column":22},"end":{"line":121,"column":23}},{"start":{},"end":{}}],"line":119},"20":{"loc":{"start":{"line":123,"column":20},"end":{"line":127,"column":21}},"type":"if","locations":[{"start":{"line":123,"column":20},"end":{"line":127,"column":21}},{"start":{},"end":{}}],"line":123},"21":{"loc":{"start":{"line":124,"column":22},"end":{"line":126,"column":23}},"type":"if","locations":[{"start":{"line":124,"column":22},"end":{"line":126,"column":23}},{"start":{},"end":{}}],"line":124},"22":{"loc":{"start":{"line":124,"column":26},"end":{"line":124,"column":104}},"type":"binary-expr","locations":[{"start":{"line":124,"column":26},"end":{"line":124,"column":39}},{"start":{"line":124,"column":43},"end":{"line":124,"column":104}}],"line":124},"23":{"loc":{"start":{"line":128,"column":20},"end":{"line":132,"column":21}},"type":"if","locations":[{"start":{"line":128,"column":20},"end":{"line":132,"column":21}},{"start":{},"end":{}}],"line":128},"24":{"loc":{"start":{"line":129,"column":22},"end":{"line":131,"column":23}},"type":"if","locations":[{"start":{"line":129,"column":22},"end":{"line":131,"column":23}},{"start":{},"end":{}}],"line":129},"25":{"loc":{"start":{"line":133,"column":20},"end":{"line":137,"column":21}},"type":"if","locations":[{"start":{"line":133,"column":20},"end":{"line":137,"column":21}},{"start":{},"end":{}}],"line":133},"26":{"loc":{"start":{"line":134,"column":22},"end":{"line":136,"column":23}},"type":"if","locations":[{"start":{"line":134,"column":22},"end":{"line":136,"column":23}},{"start":{},"end":{}}],"line":134},"27":{"loc":{"start":{"line":138,"column":20},"end":{"line":142,"column":21}},"type":"if","locations":[{"start":{"line":138,"column":20},"end":{"line":142,"column":21}},{"start":{},"end":{}}],"line":138},"28":{"loc":{"start":{"line":139,"column":22},"end":{"line":141,"column":23}},"type":"if","locations":[{"start":{"line":139,"column":22},"end":{"line":141,"column":23}},{"start":{},"end":{}}],"line":139},"29":{"loc":{"start":{"line":152,"column":16},"end":{"line":156,"column":17}},"type":"if","locations":[{"start":{"line":152,"column":16},"end":{"line":156,"column":17}},{"start":{},"end":{}}],"line":152},"30":{"loc":{"start":{"line":153,"column":18},"end":{"line":155,"column":19}},"type":"if","locations":[{"start":{"line":153,"column":18},"end":{"line":155,"column":19}},{"start":{},"end":{}}],"line":153},"31":{"loc":{"start":{"line":157,"column":16},"end":{"line":161,"column":17}},"type":"if","locations":[{"start":{"line":157,"column":16},"end":{"line":161,"column":17}},{"start":{},"end":{}}],"line":157},"32":{"loc":{"start":{"line":158,"column":18},"end":{"line":160,"column":19}},"type":"if","locations":[{"start":{"line":158,"column":18},"end":{"line":160,"column":19}},{"start":{},"end":{}}],"line":158},"33":{"loc":{"start":{"line":158,"column":22},"end":{"line":158,"column":100}},"type":"binary-expr","locations":[{"start":{"line":158,"column":22},"end":{"line":158,"column":35}},{"start":{"line":158,"column":39},"end":{"line":158,"column":100}}],"line":158},"34":{"loc":{"start":{"line":162,"column":16},"end":{"line":166,"column":17}},"type":"if","locations":[{"start":{"line":162,"column":16},"end":{"line":166,"column":17}},{"start":{},"end":{}}],"line":162},"35":{"loc":{"start":{"line":163,"column":18},"end":{"line":165,"column":19}},"type":"if","locations":[{"start":{"line":163,"column":18},"end":{"line":165,"column":19}},{"start":{},"end":{}}],"line":163},"36":{"loc":{"start":{"line":167,"column":16},"end":{"line":171,"column":17}},"type":"if","locations":[{"start":{"line":167,"column":16},"end":{"line":171,"column":17}},{"start":{},"end":{}}],"line":167},"37":{"loc":{"start":{"line":168,"column":18},"end":{"line":170,"column":19}},"type":"if","locations":[{"start":{"line":168,"column":18},"end":{"line":170,"column":19}},{"start":{},"end":{}}],"line":168},"38":{"loc":{"start":{"line":172,"column":16},"end":{"line":176,"column":17}},"type":"if","locations":[{"start":{"line":172,"column":16},"end":{"line":176,"column":17}},{"start":{},"end":{}}],"line":172},"39":{"loc":{"start":{"line":173,"column":18},"end":{"line":175,"column":19}},"type":"if","locations":[{"start":{"line":173,"column":18},"end":{"line":175,"column":19}},{"start":{},"end":{}}],"line":173},"40":{"loc":{"start":{"line":185,"column":23},"end":{"line":185,"column":69}},"type":"cond-expr","locations":[{"start":{"line":185,"column":36},"end":{"line":185,"column":62}},{"start":{"line":185,"column":65},"end":{"line":185,"column":69}}],"line":185},"41":{"loc":{"start":{"line":188,"column":45},"end":{"line":188,"column":63}},"type":"cond-expr","locations":[{"start":{"line":188,"column":52},"end":{"line":188,"column":58}},{"start":{"line":188,"column":61},"end":{"line":188,"column":63}}],"line":188},"42":{"loc":{"start":{"line":191,"column":14},"end":{"line":194,"column":15}},"type":"if","locations":[{"start":{"line":191,"column":14},"end":{"line":194,"column":15}},{"start":{},"end":{}}],"line":191},"43":{"loc":{"start":{"line":201,"column":4},"end":{"line":243,"column":5}},"type":"if","locations":[{"start":{"line":201,"column":4},"end":{"line":243,"column":5}},{"start":{},"end":{}}],"line":201},"44":{"loc":{"start":{"line":207,"column":23},"end":{"line":207,"column":51}},"type":"binary-expr","locations":[{"start":{"line":207,"column":23},"end":{"line":207,"column":37}},{"start":{"line":207,"column":41},"end":{"line":207,"column":51}}],"line":207},"45":{"loc":{"start":{"line":216,"column":16},"end":{"line":218,"column":17}},"type":"if","locations":[{"start":{"line":216,"column":16},"end":{"line":218,"column":17}},{"start":{},"end":{}}],"line":216},"46":{"loc":{"start":{"line":216,"column":20},"end":{"line":216,"column":69}},"type":"binary-expr","locations":[{"start":{"line":216,"column":20},"end":{"line":216,"column":33}},{"start":{"line":216,"column":37},"end":{"line":216,"column":69}}],"line":216},"47":{"loc":{"start":{"line":229,"column":14},"end":{"line":232,"column":15}},"type":"if","locations":[{"start":{"line":229,"column":14},"end":{"line":232,"column":15}},{"start":{},"end":{}}],"line":229},"48":{"loc":{"start":{"line":238,"column":57},"end":{"line":238,"column":115}},"type":"cond-expr","locations":[{"start":{"line":238,"column":110},"end":{"line":238,"column":111}},{"start":{"line":238,"column":114},"end":{"line":238,"column":115}}],"line":238},"49":{"loc":{"start":{"line":244,"column":4},"end":{"line":271,"column":5}},"type":"if","locations":[{"start":{"line":244,"column":4},"end":{"line":271,"column":5}},{"start":{},"end":{}}],"line":244},"50":{"loc":{"start":{"line":250,"column":23},"end":{"line":250,"column":51}},"type":"binary-expr","locations":[{"start":{"line":250,"column":23},"end":{"line":250,"column":37}},{"start":{"line":250,"column":41},"end":{"line":250,"column":51}}],"line":250},"51":{"loc":{"start":{"line":260,"column":18},"end":{"line":262,"column":19}},"type":"if","locations":[{"start":{"line":260,"column":18},"end":{"line":262,"column":19}},{"start":{},"end":{}}],"line":260}},"s":{"0":5,"1":5,"2":5,"3":5,"4":0,"5":0,"6":0,"7":0,"8":0,"9":0,"10":0,"11":0,"12":0,"13":0,"14":5,"15":188,"16":14,"17":5,"18":5,"19":5,"20":9,"21":0,"22":0,"23":0,"24":0,"25":0,"26":0,"27":0,"28":0,"29":9,"30":9,"31":9,"32":3,"33":6,"34":9,"35":0,"36":0,"37":0,"38":0,"39":0,"40":0,"41":0,"42":0,"43":0,"44":0,"45":0,"46":174,"47":98,"48":55,"49":55,"50":55,"51":37,"52":0,"53":0,"54":0,"55":0,"56":0,"57":0,"58":0,"59":0,"60":0,"61":0,"62":0,"63":0,"64":0,"65":0,"66":0,"67":0,"68":0,"69":0,"70":0,"71":0,"72":0,"73":0,"74":0,"75":0,"76":0,"77":0,"78":0,"79":0,"80":0,"81":37,"82":49,"83":26,"84":4,"85":45,"86":11,"87":16,"88":2,"89":43,"90":12,"91":0,"92":43,"93":0,"94":0,"95":43,"96":0,"97":0,"98":43,"99":37,"100":6,"101":3,"102":6,"103":6,"104":6,"105":0,"106":0,"107":0,"108":0,"109":76,"110":56,"111":30,"112":30,"113":30,"114":22,"115":22,"116":29,"117":0,"118":29,"119":22,"120":4,"121":2,"122":1,"123":2,"124":1,"125":1,"126":1,"127":2,"128":2,"129":1,"130":2,"131":20,"132":20,"133":9,"134":9,"135":9,"136":11,"137":11,"138":15,"139":15,"140":6,"141":9,"142":11,"143":0,"144":0,"145":0,"146":5,"147":0,"148":0,"149":5,"150":96,"151":96,"152":96,"153":96,"154":5},"f":{"0":0,"1":0,"2":188,"3":5,"4":9,"5":0,"6":0,"7":0,"8":9,"9":9,"10":0,"11":0,"12":0,"13":0,"14":0,"15":55,"16":37,"17":0,"18":0,"19":0,"20":0,"21":0,"22":0,"23":37,"24":49,"25":16,"26":6,"27":3,"28":6,"29":0,"30":30,"31":22,"32":22,"33":29,"34":4,"35":2,"36":1,"37":2,"38":1,"39":9,"40":11,"41":11,"42":15,"43":0,"44":0,"45":0,"46":0,"47":96},"b":{"0":[0,0],"1":[0,0],"2":[0,0],"3":[0,0],"4":[0,0],"5":[0,0],"6":[14,174],"7":[5,5],"8":[0,0],"9":[3,6],"10":[0,0],"11":[0,0],"12":[98,76],"13":[55,18],"14":[0,0],"15":[0,0],"16":[0,0],"17":[0,0],"18":[0,0],"19":[0,0],"20":[0,0],"21":[0,0],"22":[0,0],"23":[0,0],"24":[0,0],"25":[0,0],"26":[0,0],"27":[0,0],"28":[0,0],"29":[26,23],"30":[4,22],"31":[11,34],"32":[2,9],"33":[11,11],"34":[12,31],"35":[0,12],"36":[0,43],"37":[0,0],"38":[0,43],"39":[0,0],"40":[3,3],"41":[3,3],"42":[0,0],"43":[56,20],"44":[30,30],"45":[0,29],"46":[29,29],"47":[1,1],"48":[1,1],"49":[20,0],"50":[9,8],"51":[6,9]},"_coverageSchema":"1a1c01bbd47fc00a2c39e90264f33305004495a9","hash":"90ff58e71eff7e9547de8828aefc9712463f9bdc"}
,"/Users/pptdexiaodiannao/projects/basketball/miniprogram/pages/member-manage/member-manage.js": {"path":"/Users/pptdexiaodiannao/projects/basketball/miniprogram/pages/member-manage/member-manage.js","statementMap":{"0":{"start":{"line":2,"column":11},"end":{"line":2,"column":30}},"1":{"start":{"line":4,"column":0},"end":{"line":213,"column":2}},"2":{"start":{"line":15,"column":4},"end":{"line":24,"column":5}},"3":{"start":{"line":16,"column":6},"end":{"line":19,"column":8}},"4":{"start":{"line":20,"column":6},"end":{"line":22,"column":14}},"5":{"start":{"line":21,"column":8},"end":{"line":21,"column":25}},"6":{"start":{"line":23,"column":6},"end":{"line":23,"column":12}},"7":{"start":{"line":26,"column":4},"end":{"line":26,"column":40}},"8":{"start":{"line":27,"column":4},"end":{"line":27,"column":19}},"9":{"start":{"line":31,"column":4},"end":{"line":33,"column":5}},"10":{"start":{"line":32,"column":6},"end":{"line":32,"column":21}},"11":{"start":{"line":38,"column":4},"end":{"line":40,"column":6}},"12":{"start":{"line":39,"column":6},"end":{"line":39,"column":30}},"13":{"start":{"line":45,"column":4},"end":{"line":45,"column":35}},"14":{"start":{"line":47,"column":19},"end":{"line":47,"column":35}},"15":{"start":{"line":48,"column":14},"end":{"line":48,"column":24}},"16":{"start":{"line":51,"column":4},"end":{"line":98,"column":6}},"17":{"start":{"line":53,"column":23},"end":{"line":53,"column":35}},"18":{"start":{"line":56,"column":6},"end":{"line":90,"column":10}},"19":{"start":{"line":61,"column":32},"end":{"line":61,"column":66}},"20":{"start":{"line":61,"column":57},"end":{"line":61,"column":65}},"21":{"start":{"line":64,"column":10},"end":{"line":83,"column":11}},"22":{"start":{"line":65,"column":12},"end":{"line":80,"column":16}},"23":{"start":{"line":69,"column":33},"end":{"line":69,"column":35}},"24":{"start":{"line":70,"column":16},"end":{"line":72,"column":18}},"25":{"start":{"line":71,"column":18},"end":{"line":71,"column":46}},"26":{"start":{"line":74,"column":32},"end":{"line":77,"column":19}},"27":{"start":{"line":74,"column":63},"end":{"line":77,"column":17}},"28":{"start":{"line":79,"column":16},"end":{"line":79,"column":30}},"29":{"start":{"line":82,"column":12},"end":{"line":82,"column":21}},"30":{"start":{"line":85,"column":10},"end":{"line":89,"column":12}},"31":{"start":{"line":92,"column":6},"end":{"line":92,"column":34}},"32":{"start":{"line":93,"column":6},"end":{"line":93,"column":38}},"33":{"start":{"line":94,"column":6},"end":{"line":97,"column":8}},"34":{"start":{"line":103,"column":4},"end":{"line":103,"column":43}},"35":{"start":{"line":108,"column":4},"end":{"line":108,"column":44}},"36":{"start":{"line":113,"column":4},"end":{"line":113,"column":26}},"37":{"start":{"line":116,"column":4},"end":{"line":119,"column":6}},"38":{"start":{"line":124,"column":21},"end":{"line":124,"column":47}},"39":{"start":{"line":125,"column":19},"end":{"line":125,"column":66}},"40":{"start":{"line":125,"column":47},"end":{"line":125,"column":65}},"41":{"start":{"line":127,"column":4},"end":{"line":129,"column":5}},"42":{"start":{"line":128,"column":6},"end":{"line":128,"column":12}},"43":{"start":{"line":131,"column":18},"end":{"line":131,"column":35}},"44":{"start":{"line":133,"column":4},"end":{"line":142,"column":6}},"45":{"start":{"line":136,"column":8},"end":{"line":140,"column":9}},"46":{"start":{"line":137,"column":10},"end":{"line":137,"column":39}},"47":{"start":{"line":138,"column":15},"end":{"line":140,"column":9}},"48":{"start":{"line":139,"column":10},"end":{"line":139,"column":37}},"49":{"start":{"line":147,"column":4},"end":{"line":147,"column":39}},"50":{"start":{"line":149,"column":4},"end":{"line":167,"column":6}},"51":{"start":{"line":154,"column":6},"end":{"line":154,"column":22}},"52":{"start":{"line":155,"column":6},"end":{"line":158,"column":8}},"53":{"start":{"line":159,"column":6},"end":{"line":159,"column":21}},"54":{"start":{"line":161,"column":6},"end":{"line":161,"column":32}},"55":{"start":{"line":162,"column":6},"end":{"line":162,"column":22}},"56":{"start":{"line":163,"column":6},"end":{"line":166,"column":8}},"57":{"start":{"line":172,"column":4},"end":{"line":180,"column":6}},"58":{"start":{"line":176,"column":8},"end":{"line":178,"column":9}},"59":{"start":{"line":177,"column":10},"end":{"line":177,"column":38}},"60":{"start":{"line":185,"column":4},"end":{"line":185,"column":39}},"61":{"start":{"line":187,"column":4},"end":{"line":202,"column":6}},"62":{"start":{"line":189,"column":6},"end":{"line":189,"column":22}},"63":{"start":{"line":190,"column":6},"end":{"line":193,"column":8}},"64":{"start":{"line":194,"column":6},"end":{"line":194,"column":21}},"65":{"start":{"line":196,"column":6},"end":{"line":196,"column":32}},"66":{"start":{"line":197,"column":6},"end":{"line":197,"column":22}},"67":{"start":{"line":198,"column":6},"end":{"line":201,"column":8}},"68":{"start":{"line":207,"column":4},"end":{"line":211,"column":5}}},"fnMap":{"0":{"name":"(anonymous_0)","decl":{"start":{"line":14,"column":10},"end":{"line":14,"column":11}},"loc":{"start":{"line":14,"column":28},"end":{"line":28,"column":3}},"line":14},"1":{"name":"(anonymous_1)","decl":{"start":{"line":20,"column":17},"end":{"line":20,"column":18}},"loc":{"start":{"line":20,"column":23},"end":{"line":22,"column":7}},"line":20},"2":{"name":"(anonymous_2)","decl":{"start":{"line":30,"column":10},"end":{"line":30,"column":11}},"loc":{"start":{"line":30,"column":21},"end":{"line":34,"column":3}},"line":30},"3":{"name":"(anonymous_3)","decl":{"start":{"line":37,"column":21},"end":{"line":37,"column":22}},"loc":{"start":{"line":37,"column":32},"end":{"line":41,"column":3}},"line":37},"4":{"name":"(anonymous_4)","decl":{"start":{"line":38,"column":25},"end":{"line":38,"column":26}},"loc":{"start":{"line":38,"column":31},"end":{"line":40,"column":5}},"line":38},"5":{"name":"(anonymous_5)","decl":{"start":{"line":44,"column":12},"end":{"line":44,"column":13}},"loc":{"start":{"line":44,"column":23},"end":{"line":99,"column":3}},"line":44},"6":{"name":"(anonymous_6)","decl":{"start":{"line":52,"column":10},"end":{"line":52,"column":11}},"loc":{"start":{"line":52,"column":21},"end":{"line":91,"column":5}},"line":52},"7":{"name":"(anonymous_7)","decl":{"start":{"line":60,"column":14},"end":{"line":60,"column":15}},"loc":{"start":{"line":60,"column":28},"end":{"line":84,"column":9}},"line":60},"8":{"name":"(anonymous_8)","decl":{"start":{"line":61,"column":52},"end":{"line":61,"column":53}},"loc":{"start":{"line":61,"column":57},"end":{"line":61,"column":65}},"line":61},"9":{"name":"(anonymous_9)","decl":{"start":{"line":68,"column":20},"end":{"line":68,"column":21}},"loc":{"start":{"line":68,"column":32},"end":{"line":80,"column":15}},"line":68},"10":{"name":"(anonymous_10)","decl":{"start":{"line":70,"column":38},"end":{"line":70,"column":39}},"loc":{"start":{"line":70,"column":46},"end":{"line":72,"column":17}},"line":70},"11":{"name":"(anonymous_11)","decl":{"start":{"line":74,"column":52},"end":{"line":74,"column":53}},"loc":{"start":{"line":74,"column":63},"end":{"line":77,"column":17}},"line":74},"12":{"name":"(anonymous_12)","decl":{"start":{"line":84,"column":16},"end":{"line":84,"column":17}},"loc":{"start":{"line":84,"column":27},"end":{"line":90,"column":9}},"line":84},"13":{"name":"(anonymous_13)","decl":{"start":{"line":91,"column":13},"end":{"line":91,"column":14}},"loc":{"start":{"line":91,"column":20},"end":{"line":98,"column":5}},"line":91},"14":{"name":"(anonymous_14)","decl":{"start":{"line":102,"column":14},"end":{"line":102,"column":15}},"loc":{"start":{"line":102,"column":25},"end":{"line":104,"column":3}},"line":102},"15":{"name":"(anonymous_15)","decl":{"start":{"line":107,"column":19},"end":{"line":107,"column":20}},"loc":{"start":{"line":107,"column":30},"end":{"line":109,"column":3}},"line":107},"16":{"name":"(anonymous_16)","decl":{"start":{"line":112,"column":16},"end":{"line":112,"column":17}},"loc":{"start":{"line":112,"column":27},"end":{"line":120,"column":3}},"line":112},"17":{"name":"(anonymous_17)","decl":{"start":{"line":123,"column":18},"end":{"line":123,"column":19}},"loc":{"start":{"line":123,"column":30},"end":{"line":143,"column":3}},"line":123},"18":{"name":"(anonymous_18)","decl":{"start":{"line":125,"column":42},"end":{"line":125,"column":43}},"loc":{"start":{"line":125,"column":47},"end":{"line":125,"column":65}},"line":125},"19":{"name":"(anonymous_19)","decl":{"start":{"line":135,"column":15},"end":{"line":135,"column":16}},"loc":{"start":{"line":135,"column":24},"end":{"line":141,"column":7}},"line":135},"20":{"name":"(anonymous_20)","decl":{"start":{"line":146,"column":18},"end":{"line":146,"column":19}},"loc":{"start":{"line":146,"column":37},"end":{"line":168,"column":3}},"line":146},"21":{"name":"(anonymous_21)","decl":{"start":{"line":153,"column":12},"end":{"line":153,"column":13}},"loc":{"start":{"line":153,"column":18},"end":{"line":160,"column":5}},"line":153},"22":{"name":"(anonymous_22)","decl":{"start":{"line":160,"column":13},"end":{"line":160,"column":14}},"loc":{"start":{"line":160,"column":20},"end":{"line":167,"column":5}},"line":160},"23":{"name":"(anonymous_23)","decl":{"start":{"line":171,"column":16},"end":{"line":171,"column":17}},"loc":{"start":{"line":171,"column":35},"end":{"line":181,"column":3}},"line":171},"24":{"name":"(anonymous_24)","decl":{"start":{"line":175,"column":15},"end":{"line":175,"column":16}},"loc":{"start":{"line":175,"column":24},"end":{"line":179,"column":7}},"line":175},"25":{"name":"(anonymous_25)","decl":{"start":{"line":184,"column":17},"end":{"line":184,"column":18}},"loc":{"start":{"line":184,"column":36},"end":{"line":203,"column":3}},"line":184},"26":{"name":"(anonymous_26)","decl":{"start":{"line":188,"column":10},"end":{"line":188,"column":11}},"loc":{"start":{"line":188,"column":16},"end":{"line":195,"column":5}},"line":188},"27":{"name":"(anonymous_27)","decl":{"start":{"line":195,"column":13},"end":{"line":195,"column":14}},"loc":{"start":{"line":195,"column":20},"end":{"line":202,"column":5}},"line":195},"28":{"name":"(anonymous_28)","decl":{"start":{"line":206,"column":21},"end":{"line":206,"column":22}},"loc":{"start":{"line":206,"column":32},"end":{"line":212,"column":3}},"line":206}},"branchMap":{"0":{"loc":{"start":{"line":15,"column":4},"end":{"line":24,"column":5}},"type":"if","locations":[{"start":{"line":15,"column":4},"end":{"line":24,"column":5}},{"start":{},"end":{}}],"line":15},"1":{"loc":{"start":{"line":31,"column":4},"end":{"line":33,"column":5}},"type":"if","locations":[{"start":{"line":31,"column":4},"end":{"line":33,"column":5}},{"start":{},"end":{}}],"line":31},"2":{"loc":{"start":{"line":64,"column":10},"end":{"line":83,"column":11}},"type":"if","locations":[{"start":{"line":64,"column":10},"end":{"line":83,"column":11}},{"start":{"line":81,"column":17},"end":{"line":83,"column":11}}],"line":64},"3":{"loc":{"start":{"line":76,"column":28},"end":{"line":76,"column":57}},"type":"binary-expr","locations":[{"start":{"line":76,"column":28},"end":{"line":76,"column":51}},{"start":{"line":76,"column":55},"end":{"line":76,"column":57}}],"line":76},"4":{"loc":{"start":{"line":127,"column":4},"end":{"line":129,"column":5}},"type":"if","locations":[{"start":{"line":127,"column":4},"end":{"line":129,"column":5}},{"start":{},"end":{}}],"line":127},"5":{"loc":{"start":{"line":127,"column":8},"end":{"line":127,"column":44}},"type":"binary-expr","locations":[{"start":{"line":127,"column":8},"end":{"line":127,"column":15}},{"start":{"line":127,"column":19},"end":{"line":127,"column":44}}],"line":127},"6":{"loc":{"start":{"line":136,"column":8},"end":{"line":140,"column":9}},"type":"if","locations":[{"start":{"line":136,"column":8},"end":{"line":140,"column":9}},{"start":{"line":138,"column":15},"end":{"line":140,"column":9}}],"line":136},"7":{"loc":{"start":{"line":138,"column":15},"end":{"line":140,"column":9}},"type":"if","locations":[{"start":{"line":138,"column":15},"end":{"line":140,"column":9}},{"start":{},"end":{}}],"line":138},"8":{"loc":{"start":{"line":176,"column":8},"end":{"line":178,"column":9}},"type":"if","locations":[{"start":{"line":176,"column":8},"end":{"line":178,"column":9}},{"start":{},"end":{}}],"line":176},"9":{"loc":{"start":{"line":208,"column":22},"end":{"line":208,"column":56}},"type":"binary-expr","locations":[{"start":{"line":208,"column":22},"end":{"line":208,"column":46}},{"start":{"line":208,"column":50},"end":{"line":208,"column":56}}],"line":208},"10":{"loc":{"start":{"line":210,"column":16},"end":{"line":210,"column":46}},"type":"binary-expr","locations":[{"start":{"line":210,"column":16},"end":{"line":210,"column":40}},{"start":{"line":210,"column":44},"end":{"line":210,"column":46}}],"line":210}},"s":{"0":1,"1":1,"2":0,"3":0,"4":0,"5":0,"6":0,"7":0,"8":0,"9":0,"10":0,"11":0,"12":0,"13":0,"14":0,"15":0,"16":0,"17":0,"18":0,"19":0,"20":0,"21":0,"22":0,"23":0,"24":0,"25":0,"26":0,"27":0,"28":0,"29":0,"30":0,"31":0,"32":0,"33":0,"34":0,"35":0,"36":0,"37":0,"38":0,"39":0,"40":0,"41":0,"42":0,"43":0,"44":0,"45":0,"46":0,"47":0,"48":0,"49":0,"50":0,"51":0,"52":0,"53":0,"54":0,"55":0,"56":0,"57":0,"58":0,"59":0,"60":0,"61":0,"62":0,"63":0,"64":0,"65":0,"66":0,"67":0,"68":0},"f":{"0":0,"1":0,"2":0,"3":0,"4":0,"5":0,"6":0,"7":0,"8":0,"9":0,"10":0,"11":0,"12":0,"13":0,"14":0,"15":0,"16":0,"17":0,"18":0,"19":0,"20":0,"21":0,"22":0,"23":0,"24":0,"25":0,"26":0,"27":0,"28":0},"b":{"0":[0,0],"1":[0,0],"2":[0,0],"3":[0,0],"4":[0,0],"5":[0,0],"6":[0,0],"7":[0,0],"8":[0,0],"9":[0,0],"10":[0,0]},"_coverageSchema":"1a1c01bbd47fc00a2c39e90264f33305004495a9","hash":"4926787b5cc3296dd4701095c901e804371aa93d"}
}
