TN:
SF:miniprogram/__test__/mock-db.js
FN:7,sortCollection
FN:8,(anonymous_1)
FN:23,(anonymous_2)
FN:26,(anonymous_3)
FN:35,(anonymous_4)
FN:37,(anonymous_5)
FN:39,(anonymous_6)
FN:40,(anonymous_7)
FN:54,(anonymous_8)
FN:55,(anonymous_9)
FN:67,(anonymous_10)
FN:69,(anonymous_11)
FN:70,(anonymous_12)
FN:77,(anonymous_13)
FN:79,(anonymous_14)
FN:88,(anonymous_15)
FN:97,(anonymous_16)
FN:99,(anonymous_17)
FN:101,(anonymous_18)
FN:102,(anonymous_19)
FN:105,(anonymous_20)
FN:112,(anonymous_21)
FN:124,(anonymous_22)
FN:150,(anonymous_23)
FN:151,(anonymous_24)
FN:158,(anonymous_25)
FN:183,(anonymous_26)
FN:184,(anonymous_27)
FN:187,(anonymous_28)
FN:190,(anonymous_29)
FN:203,(anonymous_30)
FN:212,(anonymous_31)
FN:214,(anonymous_32)
FN:215,(anonymous_33)
FN:225,(anonymous_34)
FN:227,(anonymous_35)
FN:228,(anonymous_36)
FN:235,(anonymous_37)
FN:237,(anonymous_38)
FN:246,(anonymous_39)
FN:255,(anonymous_40)
FN:257,(anonymous_41)
FN:258,(anonymous_42)
FN:275,(anonymous_43)
FN:275,(anonymous_44)
FN:282,(anonymous_45)
FN:283,(anonymous_46)
FN:287,(anonymous_47)
FNF:48
FNH:27
FNDA:0,sortCollection
FNDA:0,(anonymous_1)
FNDA:188,(anonymous_2)
FNDA:5,(anonymous_3)
FNDA:9,(anonymous_4)
FNDA:0,(anonymous_5)
FNDA:0,(anonymous_6)
FNDA:0,(anonymous_7)
FNDA:9,(anonymous_8)
FNDA:9,(anonymous_9)
FNDA:0,(anonymous_10)
FNDA:0,(anonymous_11)
FNDA:0,(anonymous_12)
FNDA:0,(anonymous_13)
FNDA:0,(anonymous_14)
FNDA:55,(anonymous_15)
FNDA:37,(anonymous_16)
FNDA:0,(anonymous_17)
FNDA:0,(anonymous_18)
FNDA:0,(anonymous_19)
FNDA:0,(anonymous_20)
FNDA:0,(anonymous_21)
FNDA:0,(anonymous_22)
FNDA:37,(anonymous_23)
FNDA:49,(anonymous_24)
FNDA:16,(anonymous_25)
FNDA:6,(anonymous_26)
FNDA:3,(anonymous_27)
FNDA:6,(anonymous_28)
FNDA:0,(anonymous_29)
FNDA:30,(anonymous_30)
FNDA:22,(anonymous_31)
FNDA:22,(anonymous_32)
FNDA:29,(anonymous_33)
FNDA:4,(anonymous_34)
FNDA:2,(anonymous_35)
FNDA:1,(anonymous_36)
FNDA:2,(anonymous_37)
FNDA:1,(anonymous_38)
FNDA:9,(anonymous_39)
FNDA:11,(anonymous_40)
FNDA:11,(anonymous_41)
FNDA:15,(anonymous_42)
FNDA:0,(anonymous_43)
FNDA:0,(anonymous_44)
FNDA:0,(anonymous_45)
FNDA:0,(anonymous_46)
FNDA:96,(anonymous_47)
DA:1,5
DA:2,5
DA:3,5
DA:4,5
DA:8,0
DA:9,0
DA:10,0
DA:13,0
DA:14,0
DA:16,0
DA:17,0
DA:18,0
DA:22,5
DA:24,188
DA:25,14
DA:27,5
DA:32,5
DA:33,5
DA:36,9
DA:38,0
DA:40,0
DA:42,0
DA:43,0
DA:44,0
DA:47,0
DA:49,0
DA:50,0
DA:55,9
DA:56,9
DA:57,9
DA:58,3
DA:61,6
DA:63,9
DA:68,0
DA:70,0
DA:71,0
DA:72,0
DA:73,0
DA:75,0
DA:78,0
DA:79,0
DA:80,0
DA:86,174
DA:87,98
DA:89,55
DA:94,55
DA:95,55
DA:98,37
DA:100,0
DA:102,0
DA:104,0
DA:105,0
DA:107,0
DA:108,0
DA:111,0
DA:112,0
DA:114,0
DA:118,0
DA:119,0
DA:120,0
DA:123,0
DA:124,0
DA:125,0
DA:128,0
DA:129,0
DA:130,0
DA:133,0
DA:134,0
DA:135,0
DA:138,0
DA:139,0
DA:140,0
DA:143,0
DA:145,0
DA:146,0
DA:151,37
DA:152,49
DA:153,26
DA:154,4
DA:157,45
DA:158,16
DA:159,2
DA:162,43
DA:163,12
DA:164,0
DA:167,43
DA:168,0
DA:169,0
DA:172,43
DA:173,0
DA:174,0
DA:177,43
DA:179,37
DA:184,6
DA:185,6
DA:186,6
DA:188,6
DA:191,0
DA:192,0
DA:193,0
DA:195,0
DA:201,76
DA:202,56
DA:204,30
DA:209,30
DA:210,30
DA:213,22
DA:215,22
DA:216,29
DA:217,0
DA:219,29
DA:221,22
DA:226,4
DA:228,2
DA:229,2
DA:230,1
DA:231,1
DA:233,1
DA:236,2
DA:237,2
DA:238,2
DA:244,20
DA:245,20
DA:247,9
DA:252,9
DA:253,9
DA:256,11
DA:258,11
DA:259,15
DA:260,15
DA:261,6
DA:264,9
DA:266,11
DA:273,0
DA:275,0
DA:281,5
DA:282,0
DA:283,0
DA:287,5
DA:288,96
DA:289,96
DA:290,96
DA:291,96
DA:294,5
LF:144
LH:78
BRDA:13,0,0,0
BRDA:13,0,1,0
BRDA:14,1,0,0
BRDA:14,1,1,0
BRDA:16,2,0,0
BRDA:16,2,1,0
BRDA:16,3,0,0
BRDA:16,3,1,0
BRDA:17,4,0,0
BRDA:17,4,1,0
BRDA:17,5,0,0
BRDA:17,5,1,0
BRDA:24,6,0,14
BRDA:24,6,1,174
BRDA:30,7,0,5
BRDA:30,7,1,5
BRDA:43,8,0,0
BRDA:43,8,1,0
BRDA:57,9,0,3
BRDA:57,9,1,6
BRDA:71,10,0,0
BRDA:71,10,1,0
BRDA:80,11,0,0
BRDA:80,11,1,0
BRDA:86,12,0,98
BRDA:86,12,1,76
BRDA:92,13,0,55
BRDA:92,13,1,18
BRDA:104,14,0,0
BRDA:104,14,1,0
BRDA:107,15,0,0
BRDA:107,15,1,0
BRDA:111,16,0,0
BRDA:111,16,1,0
BRDA:112,17,0,0
BRDA:112,17,1,0
BRDA:118,18,0,0
BRDA:118,18,1,0
BRDA:119,19,0,0
BRDA:119,19,1,0
BRDA:123,20,0,0
BRDA:123,20,1,0
BRDA:124,21,0,0
BRDA:124,21,1,0
BRDA:124,22,0,0
BRDA:124,22,1,0
BRDA:128,23,0,0
BRDA:128,23,1,0
BRDA:129,24,0,0
BRDA:129,24,1,0
BRDA:133,25,0,0
BRDA:133,25,1,0
BRDA:134,26,0,0
BRDA:134,26,1,0
BRDA:138,27,0,0
BRDA:138,27,1,0
BRDA:139,28,0,0
BRDA:139,28,1,0
BRDA:152,29,0,26
BRDA:152,29,1,23
BRDA:153,30,0,4
BRDA:153,30,1,22
BRDA:157,31,0,11
BRDA:157,31,1,34
BRDA:158,32,0,2
BRDA:158,32,1,9
BRDA:158,33,0,11
BRDA:158,33,1,11
BRDA:162,34,0,12
BRDA:162,34,1,31
BRDA:163,35,0,0
BRDA:163,35,1,12
BRDA:167,36,0,0
BRDA:167,36,1,43
BRDA:168,37,0,0
BRDA:168,37,1,0
BRDA:172,38,0,0
BRDA:172,38,1,43
BRDA:173,39,0,0
BRDA:173,39,1,0
BRDA:185,40,0,3
BRDA:185,40,1,3
BRDA:188,41,0,3
BRDA:188,41,1,3
BRDA:191,42,0,0
BRDA:191,42,1,0
BRDA:201,43,0,56
BRDA:201,43,1,20
BRDA:207,44,0,30
BRDA:207,44,1,30
BRDA:216,45,0,0
BRDA:216,45,1,29
BRDA:216,46,0,29
BRDA:216,46,1,29
BRDA:229,47,0,1
BRDA:229,47,1,1
BRDA:238,48,0,1
BRDA:238,48,1,1
BRDA:244,49,0,20
BRDA:244,49,1,0
BRDA:250,50,0,9
BRDA:250,50,1,8
BRDA:260,51,0,6
BRDA:260,51,1,9
BRF:104
BRH:45
end_of_record
TN:
SF:miniprogram/pages/member-manage/member-manage.js
FN:14,(anonymous_0)
FN:20,(anonymous_1)
FN:30,(anonymous_2)
FN:37,(anonymous_3)
FN:38,(anonymous_4)
FN:44,(anonymous_5)
FN:52,(anonymous_6)
FN:60,(anonymous_7)
FN:61,(anonymous_8)
FN:68,(anonymous_9)
FN:70,(anonymous_10)
FN:74,(anonymous_11)
FN:84,(anonymous_12)
FN:91,(anonymous_13)
FN:102,(anonymous_14)
FN:107,(anonymous_15)
FN:112,(anonymous_16)
FN:123,(anonymous_17)
FN:125,(anonymous_18)
FN:135,(anonymous_19)
FN:146,(anonymous_20)
FN:153,(anonymous_21)
FN:160,(anonymous_22)
FN:171,(anonymous_23)
FN:175,(anonymous_24)
FN:184,(anonymous_25)
FN:188,(anonymous_26)
FN:195,(anonymous_27)
FN:206,(anonymous_28)
FNF:29
FNH:0
FNDA:0,(anonymous_0)
FNDA:0,(anonymous_1)
FNDA:0,(anonymous_2)
FNDA:0,(anonymous_3)
FNDA:0,(anonymous_4)
FNDA:0,(anonymous_5)
FNDA:0,(anonymous_6)
FNDA:0,(anonymous_7)
FNDA:0,(anonymous_8)
FNDA:0,(anonymous_9)
FNDA:0,(anonymous_10)
FNDA:0,(anonymous_11)
FNDA:0,(anonymous_12)
FNDA:0,(anonymous_13)
FNDA:0,(anonymous_14)
FNDA:0,(anonymous_15)
FNDA:0,(anonymous_16)
FNDA:0,(anonymous_17)
FNDA:0,(anonymous_18)
FNDA:0,(anonymous_19)
FNDA:0,(anonymous_20)
FNDA:0,(anonymous_21)
FNDA:0,(anonymous_22)
FNDA:0,(anonymous_23)
FNDA:0,(anonymous_24)
FNDA:0,(anonymous_25)
FNDA:0,(anonymous_26)
FNDA:0,(anonymous_27)
FNDA:0,(anonymous_28)
DA:2,1
DA:4,1
DA:15,0
DA:16,0
DA:20,0
DA:21,0
DA:23,0
DA:26,0
DA:27,0
DA:31,0
DA:32,0
DA:38,0
DA:39,0
DA:45,0
DA:47,0
DA:48,0
DA:51,0
DA:53,0
DA:56,0
DA:61,0
DA:64,0
DA:65,0
DA:69,0
DA:70,0
DA:71,0
DA:74,0
DA:79,0
DA:82,0
DA:85,0
DA:92,0
DA:93,0
DA:94,0
DA:103,0
DA:108,0
DA:113,0
DA:116,0
DA:124,0
DA:125,0
DA:127,0
DA:128,0
DA:131,0
DA:133,0
DA:136,0
DA:137,0
DA:138,0
DA:139,0
DA:147,0
DA:149,0
DA:154,0
DA:155,0
DA:159,0
DA:161,0
DA:162,0
DA:163,0
DA:172,0
DA:176,0
DA:177,0
DA:185,0
DA:187,0
DA:189,0
DA:190,0
DA:194,0
DA:196,0
DA:197,0
DA:198,0
DA:207,0
LF:66
LH:2
BRDA:15,0,0,0
BRDA:15,0,1,0
BRDA:31,1,0,0
BRDA:31,1,1,0
BRDA:64,2,0,0
BRDA:64,2,1,0
BRDA:76,3,0,0
BRDA:76,3,1,0
BRDA:127,4,0,0
BRDA:127,4,1,0
BRDA:127,5,0,0
BRDA:127,5,1,0
BRDA:136,6,0,0
BRDA:136,6,1,0
BRDA:138,7,0,0
BRDA:138,7,1,0
BRDA:176,8,0,0
BRDA:176,8,1,0
BRDA:208,9,0,0
BRDA:208,9,1,0
BRDA:210,10,0,0
BRDA:210,10,1,0
BRF:22
BRH:0
end_of_record
